<?xml version="1.0" encoding="UTF-8"?>
<testsuite name="com.aor.pacxon.gui.LanternaGUITest" tests="4" skipped="0" failures="0" errors="0" timestamp="2023-12-14T16:35:24" hostname="LAPTOP-BCCILPH9" time="0.802">
  <properties/>
  <testcase name="testClear()" classname="com.aor.pacxon.gui.LanternaGUITest" time="0.603"/>
  <testcase name="testClose()" classname="com.aor.pacxon.gui.LanternaGUITest" time="0.056"/>
  <testcase name="testRefresh()" classname="com.aor.pacxon.gui.LanternaGUITest" time="0.072"/>
  <testcase name="testInitialization()" classname="com.aor.pacxon.gui.LanternaGUITest" time="0.068"/>
  <system-out><![CDATA[]]></system-out>
  <system-err><![CDATA[]]></system-err>
</testsuite>
