<?xml version="1.0" encoding="UTF-8"?>
<testsuite name="com.aor.pacxon.controller.MenuControllerTest" tests="5" skipped="0" failures="0" errors="0" timestamp="2023-12-07T17:31:43" hostname="LAPTOP-BCCILPH9" time="0.044">
  <properties/>
  <testcase name="testStep_SelectExitAction()" classname="com.aor.pacxon.controller.MenuControllerTest" time="0.015"/>
  <testcase name="testStep_SelectControlsAction()" classname="com.aor.pacxon.controller.MenuControllerTest" time="0.004"/>
  <testcase name="testStep_UnrecognizedAction()" classname="com.aor.pacxon.controller.MenuControllerTest" time="0.001"/>
  <testcase name="testStep_SelectStartAction()" classname="com.aor.pacxon.controller.MenuControllerTest" time="0.018"/>
  <testcase name="testStep_SelectHTPAction()" classname="com.aor.pacxon.controller.MenuControllerTest" time="0.003"/>
  <system-out><![CDATA[]]></system-out>
  <system-err><![CDATA[]]></system-err>
</testsuite>
