<?xml version="1.0" encoding="UTF-8"?>
<testsuite name="com.aor.pacxon.viewer.MenuDieViewerTest" tests="2" skipped="0" failures="0" errors="0" timestamp="2023-12-22T19:20:58" hostname="AirdeFrancisca9.lan" time="0.038">
  <properties/>
  <testcase name="testDrawElementsGameOverText()" classname="com.aor.pacxon.viewer.MenuDieViewerTest" time="0.03"/>
  <testcase name="testDrawElementsEntries()" classname="com.aor.pacxon.viewer.MenuDieViewerTest" time="0.008"/>
  <system-out><![CDATA[]]></system-out>
  <system-err><![CDATA[]]></system-err>
</testsuite>
