<?xml version="1.0" encoding="UTF-8"?>
<testsuite name="com.pacxon.controller.MenuControllerTest" tests="5" skipped="0" failures="0" errors="0" timestamp="2023-12-22T22:54:43" hostname="AirdeFrancisca9.lan" time="1.143">
  <properties/>
  <testcase name="testStep_SelectExitAction()" classname="com.pacxon.controller.MenuControllerTest" time="1.043"/>
  <testcase name="testStep_SelectControlsAction()" classname="com.pacxon.controller.MenuControllerTest" time="0.01"/>
  <testcase name="testStep_UnrecognizedAction()" classname="com.pacxon.controller.MenuControllerTest" time="0.002"/>
  <testcase name="testStep_SelectStartAction()" classname="com.pacxon.controller.MenuControllerTest" time="0.075"/>
  <testcase name="testStep_SelectHTPAction()" classname="com.pacxon.controller.MenuControllerTest" time="0.01"/>
  <system-out><![CDATA[]]></system-out>
  <system-err><![CDATA[]]></system-err>
</testsuite>
