<?xml version="1.0" encoding="UTF-8"?>
<testsuite name="com.aor.pacxon.model.WallTest" tests="3" skipped="0" failures="0" errors="0" timestamp="2023-12-11T21:12:04" hostname="AirdeFrancisca9.lan" time="0.004">
  <properties/>
  <testcase name="testWallInteractions()" classname="com.aor.pacxon.model.WallTest" time="0.001"/>
  <testcase name="testInitialization()" classname="com.aor.pacxon.model.WallTest" time="0.001"/>
  <testcase name="testPositionChange()" classname="com.aor.pacxon.model.WallTest" time="0.0"/>
  <system-out><![CDATA[]]></system-out>
  <system-err><![CDATA[]]></system-err>
</testsuite>
