<?xml version="1.0" encoding="UTF-8"?>
<testsuite name="com.pacxon.controller.PacmanControllerTest" tests="1" skipped="0" failures="0" errors="0" timestamp="2023-12-22T22:54:44" hostname="AirdeFrancisca9.lan" time="0.115">
  <properties/>
  <testcase name="testMovePacmanLeft()" classname="com.pacxon.controller.PacmanControllerTest" time="0.115"/>
  <system-out><![CDATA[]]></system-out>
  <system-err><![CDATA[]]></system-err>
</testsuite>
