<?xml version="1.0" encoding="UTF-8"?>
<testsuite name="com.aor.pacxon.controllertest.MenuControllerTest" tests="5" skipped="0" failures="0" errors="0" timestamp="2023-11-30T17:38:44" hostname="MacBook-Air-de-Francisca-9.local" time="1.24">
  <properties/>
  <testcase name="testStep_SelectExitAction()" classname="com.aor.pacxon.controllertest.MenuControllerTest" time="1.16"/>
  <testcase name="testStep_SelectControlsAction()" classname="com.aor.pacxon.controllertest.MenuControllerTest" time="0.009"/>
  <testcase name="testStep_UnrecognizedAction()" classname="com.aor.pacxon.controllertest.MenuControllerTest" time="0.002"/>
  <testcase name="testStep_SelectStartAction()" classname="com.aor.pacxon.controllertest.MenuControllerTest" time="0.056"/>
  <testcase name="testStep_SelectHTPAction()" classname="com.aor.pacxon.controllertest.MenuControllerTest" time="0.005"/>
  <system-out><![CDATA[]]></system-out>
  <system-err><![CDATA[]]></system-err>
</testsuite>
