<?xml version="1.0" encoding="UTF-8"?>
<testsuite name="com.aor.pacxon.model.ObjectTypeTest" tests="2" skipped="0" failures="0" errors="0" timestamp="2023-11-26T18:02:29" hostname="AirdeFrancisca9" time="0.004">
  <properties/>
  <testcase name="testInitialization()" classname="com.aor.pacxon.model.ObjectTypeTest" time="0.001"/>
  <testcase name="testPositionChange()" classname="com.aor.pacxon.model.ObjectTypeTest" time="0.001"/>
  <system-out><![CDATA[]]></system-out>
  <system-err><![CDATA[]]></system-err>
</testsuite>
