<?xml version="1.0" encoding="UTF-8"?>
<testsuite name="com.aor.pacxon.model.PacmanTest" tests="4" skipped="0" failures="0" errors="0" timestamp="2023-12-14T16:35:25" hostname="LAPTOP-BCCILPH9" time="0.003">
  <properties/>
  <testcase name="testLivesDoNotGoBelowZero()" classname="com.aor.pacxon.model.PacmanTest" time="0.001"/>
  <testcase name="testInitialization()" classname="com.aor.pacxon.model.PacmanTest" time="0.001"/>
  <testcase name="testPositionChange()" classname="com.aor.pacxon.model.PacmanTest" time="0.001"/>
  <testcase name="testDecreaseLives()" classname="com.aor.pacxon.model.PacmanTest" time="0.0"/>
  <system-out><![CDATA[]]></system-out>
  <system-err><![CDATA[]]></system-err>
</testsuite>
