<?xml version="1.0" encoding="UTF-8"?>
<testsuite name="com.pacxon.states.DieStateTest" tests="2" skipped="0" failures="0" errors="0" timestamp="2023-12-22T22:54:46" hostname="AirdeFrancisca9.lan" time="0.012">
  <properties/>
  <testcase name="testGetController()" classname="com.pacxon.states.DieStateTest" time="0.005"/>
  <testcase name="testGetViewer()" classname="com.pacxon.states.DieStateTest" time="0.005"/>
  <system-out><![CDATA[]]></system-out>
  <system-err><![CDATA[]]></system-err>
</testsuite>
