<?xml version="1.0" encoding="UTF-8"?>
<testsuite name="com.aor.pacxon.viewer.WallViewerTest" tests="1" skipped="0" failures="0" errors="0" timestamp="2023-12-22T19:20:58" hostname="AirdeFrancisca9.lan" time="0.005">
  <properties/>
  <testcase name="testDraw()" classname="com.aor.pacxon.viewer.WallViewerTest" time="0.005"/>
  <system-out><![CDATA[]]></system-out>
  <system-err><![CDATA[]]></system-err>
</testsuite>
