<?xml version="1.0" encoding="UTF-8"?>
<testsuite name="com.aor.pacxon.controllertest.MenuHTPControllerTest" tests="2" skipped="0" failures="0" errors="0" timestamp="2023-11-26T18:31:55" hostname="MBPdeBeatriz5.Home" time="0.013">
  <properties/>
  <testcase name="testStep_QuitBackToMenuAction()" classname="com.aor.pacxon.controllertest.MenuHTPControllerTest" time="0.011"/>
  <testcase name="testStep_SelectBackToMenuAction()" classname="com.aor.pacxon.controllertest.MenuHTPControllerTest" time="0.001"/>
  <system-out><![CDATA[]]></system-out>
  <system-err><![CDATA[]]></system-err>
</testsuite>
