<?xml version="1.0" encoding="UTF-8"?>
<testsuite name="com.aor.pacxon.model.ArenaTest" tests="4" skipped="0" failures="0" errors="0" timestamp="2023-12-11T21:12:04" hostname="AirdeFrancisca9.lan" time="0.016">
  <properties/>
  <testcase name="testGettersAndSetters()" classname="com.aor.pacxon.model.ArenaTest" time="0.004"/>
  <testcase name="testIsMonster()" classname="com.aor.pacxon.model.ArenaTest" time="0.005"/>
  <testcase name="testGetWidthAndHeight()" classname="com.aor.pacxon.model.ArenaTest" time="0.001"/>
  <testcase name="testIsEmpty()" classname="com.aor.pacxon.model.ArenaTest" time="0.001"/>
  <system-out><![CDATA[]]></system-out>
  <system-err><![CDATA[]]></system-err>
</testsuite>
