<?xml version="1.0" encoding="UTF-8"?>
<testsuite name="com.aor.pacxon.controller.MenuWinGameControllerTest" tests="4" skipped="0" failures="0" errors="0" timestamp="2023-12-06T21:58:39" hostname="LAPTOP-BCCILPH9" time="0.02">
  <properties/>
  <testcase name="testStep_SelectNextLevelAction()" classname="com.aor.pacxon.controller.MenuWinGameControllerTest" time="0.015"/>
  <testcase name="testStep_MoveUpAction()" classname="com.aor.pacxon.controller.MenuWinGameControllerTest" time="0.0"/>
  <testcase name="testStep_MoveDownAction()" classname="com.aor.pacxon.controller.MenuWinGameControllerTest" time="0.001"/>
  <testcase name="testStep_SelectBackToMenuAction()" classname="com.aor.pacxon.controller.MenuWinGameControllerTest" time="0.002"/>
  <system-out><![CDATA[]]></system-out>
  <system-err><![CDATA[]]></system-err>
</testsuite>
