<?xml version="1.0" encoding="UTF-8"?>
<testsuite name="com.aor.pacxon.states.MenuStateTest" tests="2" skipped="0" failures="0" errors="0" timestamp="2023-11-30T17:38:51" hostname="MacBook-Air-de-Francisca-9.local" time="0.005">
  <properties/>
  <testcase name="testGetController()" classname="com.aor.pacxon.states.MenuStateTest" time="0.003"/>
  <testcase name="testGetViewer()" classname="com.aor.pacxon.states.MenuStateTest" time="0.001"/>
  <system-out><![CDATA[]]></system-out>
  <system-err><![CDATA[]]></system-err>
</testsuite>
