<?xml version="1.0" encoding="UTF-8"?>
<testsuite name="com.aor.pacxon.controller.MenuDieControllerTest" tests="4" skipped="0" failures="0" errors="0" timestamp="2023-12-07T17:31:43" hostname="LAPTOP-BCCILPH9" time="0.019">
  <properties/>
  <testcase name="testStep_SelectExitAction()" classname="com.aor.pacxon.controller.MenuDieControllerTest" time="0.014"/>
  <testcase name="testStep_MoveUpAction()" classname="com.aor.pacxon.controller.MenuDieControllerTest" time="0.001"/>
  <testcase name="testStep_MoveDownAction()" classname="com.aor.pacxon.controller.MenuDieControllerTest" time="0.001"/>
  <testcase name="testStep_SelectBackToMenuAction()" classname="com.aor.pacxon.controller.MenuDieControllerTest" time="0.002"/>
  <system-out><![CDATA[]]></system-out>
  <system-err><![CDATA[]]></system-err>
</testsuite>
