<?xml version="1.0" encoding="UTF-8"?>
<testsuite name="com.aor.pacxon.states.StateTest" tests="1" skipped="0" failures="0" errors="0" timestamp="2023-11-30T17:38:51" hostname="MacBook-Air-de-Francisca-9.local" time="0.071">
  <properties/>
  <testcase name="testConstructor()" classname="com.aor.pacxon.states.StateTest" time="0.071"/>
  <system-out><![CDATA[]]></system-out>
  <system-err><![CDATA[]]></system-err>
</testsuite>
