<?xml version="1.0" encoding="UTF-8"?>
<testsuite name="com.aor.pacxon.model.MenuControlsTest" tests="3" skipped="0" failures="0" errors="0" timestamp="2023-11-26T18:02:29" hostname="AirdeFrancisca9" time="0.009">
  <properties/>
  <testcase name="testGetEntry()" classname="com.aor.pacxon.model.MenuControlsTest" time="0.003"/>
  <testcase name="testIsSelected()" classname="com.aor.pacxon.model.MenuControlsTest" time="0.002"/>
  <testcase name="testInitialization()" classname="com.aor.pacxon.model.MenuControlsTest" time="0.001"/>
  <system-out><![CDATA[]]></system-out>
  <system-err><![CDATA[]]></system-err>
</testsuite>
