<?xml version="1.0" encoding="UTF-8"?>
<testsuite name="com.aor.pacxon.model.MenuControlsTest" tests="3" skipped="0" failures="0" errors="0" timestamp="2023-12-11T21:12:04" hostname="AirdeFrancisca9.lan" time="0.006">
  <properties/>
  <testcase name="testGetEntry()" classname="com.aor.pacxon.model.MenuControlsTest" time="0.001"/>
  <testcase name="testIsSelected()" classname="com.aor.pacxon.model.MenuControlsTest" time="0.002"/>
  <testcase name="testInitialization()" classname="com.aor.pacxon.model.MenuControlsTest" time="0.001"/>
  <system-out><![CDATA[]]></system-out>
  <system-err><![CDATA[]]></system-err>
</testsuite>
