<?xml version="1.0" encoding="UTF-8"?>
<testsuite name="com.aor.pacxon.viewer.WallViewerTest" tests="1" skipped="0" failures="0" errors="0" timestamp="2023-12-14T17:04:17" hostname="LAPTOP-BCCILPH9" time="0.002">
  <properties/>
  <testcase name="testDraw()" classname="com.aor.pacxon.viewer.WallViewerTest" time="0.002"/>
  <system-out><![CDATA[]]></system-out>
  <system-err><![CDATA[]]></system-err>
</testsuite>
