<?xml version="1.0" encoding="UTF-8"?>
<testsuite name="com.aor.pacxon.viewer.MenuHTPViewerTest" tests="3" skipped="0" failures="0" errors="0" timestamp="2023-12-06T20:52:17" hostname="LAPTOP-BCCILPH9" time="0.005">
  <properties/>
  <testcase name="testDrawElements_GoodLuckMessage()" classname="com.aor.pacxon.viewer.MenuHTPViewerTest" time="0.001"/>
  <testcase name="testDrawElements_ReturnToMainMenu()" classname="com.aor.pacxon.viewer.MenuHTPViewerTest" time="0.001"/>
  <testcase name="testDrawElements_IntroductionText()" classname="com.aor.pacxon.viewer.MenuHTPViewerTest" time="0.002"/>
  <system-out><![CDATA[]]></system-out>
  <system-err><![CDATA[]]></system-err>
</testsuite>
