<?xml version="1.0" encoding="UTF-8"?>
<testsuite name="com.pacxon.model.MenuControlsTest" tests="3" skipped="0" failures="0" errors="0" timestamp="2023-12-22T22:54:46" hostname="AirdeFrancisca9.lan" time="0.005">
  <properties/>
  <testcase name="testGetEntry()" classname="com.pacxon.model.MenuControlsTest" time="0.001"/>
  <testcase name="testIsSelected()" classname="com.pacxon.model.MenuControlsTest" time="0.0"/>
  <testcase name="testInitialization()" classname="com.pacxon.model.MenuControlsTest" time="0.001"/>
  <system-out><![CDATA[]]></system-out>
  <system-err><![CDATA[]]></system-err>
</testsuite>
