<?xml version="1.0" encoding="UTF-8"?>
<testsuite name="com.pacxon.model.MonsterTest" tests="3" skipped="0" failures="0" errors="0" timestamp="2023-12-22T22:54:46" hostname="AirdeFrancisca9.lan" time="0.007">
  <properties/>
  <testcase name="testMonsterInteractions()" classname="com.pacxon.model.MonsterTest" time="0.001"/>
  <testcase name="testInitialization()" classname="com.pacxon.model.MonsterTest" time="0.001"/>
  <testcase name="testPositionChange()" classname="com.pacxon.model.MonsterTest" time="0.003"/>
  <system-out><![CDATA[]]></system-out>
  <system-err><![CDATA[]]></system-err>
</testsuite>
