<?xml version="1.0" encoding="UTF-8"?>
<testsuite name="com.aor.pacxon.controller.MenuControllerTest" tests="5" skipped="0" failures="0" errors="0" timestamp="2023-12-22T19:20:54" hostname="AirdeFrancisca9.lan" time="1.478">
  <properties/>
  <testcase name="testStep_SelectExitAction()" classname="com.aor.pacxon.controller.MenuControllerTest" time="1.378"/>
  <testcase name="testStep_SelectControlsAction()" classname="com.aor.pacxon.controller.MenuControllerTest" time="0.012"/>
  <testcase name="testStep_UnrecognizedAction()" classname="com.aor.pacxon.controller.MenuControllerTest" time="0.002"/>
  <testcase name="testStep_SelectStartAction()" classname="com.aor.pacxon.controller.MenuControllerTest" time="0.074"/>
  <testcase name="testStep_SelectHTPAction()" classname="com.aor.pacxon.controller.MenuControllerTest" time="0.008"/>
  <system-out><![CDATA[]]></system-out>
  <system-err><![CDATA[]]></system-err>
</testsuite>
