<?xml version="1.0" encoding="UTF-8"?>
<testsuite name="com.aor.pacxon.states.StateTest" tests="1" skipped="0" failures="0" errors="0" timestamp="2023-11-26T18:23:57" hostname="AirdeFrancisca9" time="0.061">
  <properties/>
  <testcase name="testConstructor()" classname="com.aor.pacxon.states.StateTest" time="0.061"/>
  <system-out><![CDATA[]]></system-out>
  <system-err><![CDATA[]]></system-err>
</testsuite>
