<?xml version="1.0" encoding="UTF-8"?>
<testsuite name="com.aor.pacxon.model.PacmanTest" tests="3" skipped="0" failures="0" errors="0" timestamp="2023-11-26T17:09:54" hostname="AirdeFrancisca9" time="0.008">
  <properties/>
  <testcase name="testDecreaseEnergy()" classname="com.aor.pacxon.model.PacmanTest" time="0.002"/>
  <testcase name="testInitialization()" classname="com.aor.pacxon.model.PacmanTest" time="0.002"/>
  <testcase name="testPositionChange()" classname="com.aor.pacxon.model.PacmanTest" time="0.001"/>
  <system-out><![CDATA[]]></system-out>
  <system-err><![CDATA[]]></system-err>
</testsuite>
