<?xml version="1.0" encoding="UTF-8"?>
<testsuite name="com.aor.pacxon.gui.LanternaGUITest" tests="4" skipped="0" failures="0" errors="0" timestamp="2023-12-22T19:20:56" hostname="AirdeFrancisca9.lan" time="1.103">
  <properties/>
  <testcase name="testClear()" classname="com.aor.pacxon.gui.LanternaGUITest" time="0.269"/>
  <testcase name="testClose()" classname="com.aor.pacxon.gui.LanternaGUITest" time="0.2"/>
  <testcase name="testRefresh()" classname="com.aor.pacxon.gui.LanternaGUITest" time="0.205"/>
  <testcase name="testInitialization()" classname="com.aor.pacxon.gui.LanternaGUITest" time="0.415"/>
  <system-out><![CDATA[]]></system-out>
  <system-err><![CDATA[]]></system-err>
</testsuite>
