<?xml version="1.0" encoding="UTF-8"?>
<testsuite name="com.aor.pacxon.viewertest.MenuDieViewerTest" tests="2" skipped="0" failures="0" errors="0" timestamp="2023-11-30T17:38:51" hostname="MacBook-Air-de-Francisca-9.local" time="0.052">
  <properties/>
  <testcase name="testDrawElementsGameOverText()" classname="com.aor.pacxon.viewertest.MenuDieViewerTest" time="0.038"/>
  <testcase name="testDrawElementsEntries()" classname="com.aor.pacxon.viewertest.MenuDieViewerTest" time="0.013"/>
  <system-out><![CDATA[]]></system-out>
  <system-err><![CDATA[]]></system-err>
</testsuite>
