<?xml version="1.0" encoding="UTF-8"?>
<testsuite name="com.aor.pacxon.model.ArenaTest" tests="4" skipped="0" failures="0" errors="0" timestamp="2023-11-30T17:38:50" hostname="MacBook-Air-de-Francisca-9.local" time="0.02">
  <properties/>
  <testcase name="testGettersAndSetters()" classname="com.aor.pacxon.model.ArenaTest" time="0.008"/>
  <testcase name="testIsMonster()" classname="com.aor.pacxon.model.ArenaTest" time="0.003"/>
  <testcase name="testGetWidthAndHeight()" classname="com.aor.pacxon.model.ArenaTest" time="0.002"/>
  <testcase name="testIsEmpty()" classname="com.aor.pacxon.model.ArenaTest" time="0.001"/>
  <system-out><![CDATA[]]></system-out>
  <system-err><![CDATA[]]></system-err>
</testsuite>
