<?xml version="1.0" encoding="UTF-8"?>
<testsuite name="com.pacxon.gui.LanternaGUITest" tests="7" skipped="1" failures="0" errors="0" timestamp="2023-12-23T12:49:11" hostname="LAPTOP-BCCILPH9" time="0.401">
  <properties/>
  <testcase name="testGetNextActionNone()" classname="com.pacxon.gui.LanternaGUITest" time="0.06"/>
  <testcase name="testGetNextActionArrowRight()" classname="com.pacxon.gui.LanternaGUITest" time="0.05"/>
  <testcase name="testClear()" classname="com.pacxon.gui.LanternaGUITest" time="0.063"/>
  <testcase name="testClose()" classname="com.pacxon.gui.LanternaGUITest" time="0.06"/>
  <testcase name="testGetNextActionQuitEOF()" classname="com.pacxon.gui.LanternaGUITest" time="0.056"/>
  <testcase name="testGetNextActionEnterKey()" classname="com.pacxon.gui.LanternaGUITest" time="0.056"/>
  <testcase name="testRefresh()" classname="com.pacxon.gui.LanternaGUITest" time="0.055">
    <skipped/>
  </testcase>
  <system-out><![CDATA[]]></system-out>
  <system-err><![CDATA[]]></system-err>
</testsuite>
