<?xml version="1.0" encoding="UTF-8"?>
<testsuite name="com.aor.pacxon.states.HTPStateTest" tests="2" skipped="0" failures="0" errors="0" timestamp="2023-12-13T12:03:19" hostname="MacBook-Pro-de-Beatriz-5.local" time="0.001">
  <properties/>
  <testcase name="testGetController()" classname="com.aor.pacxon.states.HTPStateTest" time="0.0"/>
  <testcase name="testGetViewer()" classname="com.aor.pacxon.states.HTPStateTest" time="0.0"/>
  <system-out><![CDATA[]]></system-out>
  <system-err><![CDATA[]]></system-err>
</testsuite>
