<?xml version="1.0" encoding="UTF-8"?>
<testsuite name="com.aor.pacxon.model.MenuWinGameTest" tests="5" skipped="0" failures="0" errors="0" timestamp="2023-11-26T17:09:53" hostname="AirdeFrancisca9" time="0.091">
  <properties/>
  <testcase name="testGetEntry()" classname="com.aor.pacxon.model.MenuWinGameTest" time="0.059"/>
  <testcase name="testIsSelected()" classname="com.aor.pacxon.model.MenuWinGameTest" time="0.005"/>
  <testcase name="testInitialization()" classname="com.aor.pacxon.model.MenuWinGameTest" time="0.004"/>
  <testcase name="testPreviousEntry()" classname="com.aor.pacxon.model.MenuWinGameTest" time="0.003"/>
  <testcase name="testNextEntry()" classname="com.aor.pacxon.model.MenuWinGameTest" time="0.004"/>
  <system-out><![CDATA[]]></system-out>
  <system-err><![CDATA[]]></system-err>
</testsuite>
