<?xml version="1.0" encoding="UTF-8"?>
<testsuite name="com.aor.pacxon.model.MenuWinGameTest" tests="5" skipped="0" failures="0" errors="0" timestamp="2023-11-30T17:38:51" hostname="MacBook-Air-de-Francisca-9.local" time="0.045">
  <properties/>
  <testcase name="testGetEntry()" classname="com.aor.pacxon.model.MenuWinGameTest" time="0.004"/>
  <testcase name="testIsSelected()" classname="com.aor.pacxon.model.MenuWinGameTest" time="0.004"/>
  <testcase name="testInitialization()" classname="com.aor.pacxon.model.MenuWinGameTest" time="0.015"/>
  <testcase name="testPreviousEntry()" classname="com.aor.pacxon.model.MenuWinGameTest" time="0.001"/>
  <testcase name="testNextEntry()" classname="com.aor.pacxon.model.MenuWinGameTest" time="0.003"/>
  <system-out><![CDATA[]]></system-out>
  <system-err><![CDATA[]]></system-err>
</testsuite>
