<?xml version="1.0" encoding="UTF-8"?>
<testsuite name="com.aor.pacxon.controller.MenuControlsControllerTest" tests="2" skipped="0" failures="0" errors="0" timestamp="2023-12-06T21:14:16" hostname="LAPTOP-BCCILPH9" time="0.012">
  <properties/>
  <testcase name="testStep_QuitBackToMenuAction()" classname="com.aor.pacxon.controller.MenuControlsControllerTest" time="0.01"/>
  <testcase name="testStep_SelectBackToMenuAction()" classname="com.aor.pacxon.controller.MenuControlsControllerTest" time="0.001"/>
  <system-out><![CDATA[]]></system-out>
  <system-err><![CDATA[]]></system-err>
</testsuite>
