<?xml version="1.0" encoding="UTF-8"?>
<testsuite name="com.pacxon.model.MenuHTPTest" tests="4" skipped="0" failures="0" errors="0" timestamp="2023-12-22T22:54:46" hostname="AirdeFrancisca9.lan" time="0.063">
  <properties/>
  <testcase name="testGetEntry()" classname="com.pacxon.model.MenuHTPTest" time="0.001"/>
  <testcase name="testGetCurrentEntry()" classname="com.pacxon.model.MenuHTPTest" time="0.001"/>
  <testcase name="testIsSelected()" classname="com.pacxon.model.MenuHTPTest" time="0.013"/>
  <testcase name="testInitialization()" classname="com.pacxon.model.MenuHTPTest" time="0.006"/>
  <system-out><![CDATA[]]></system-out>
  <system-err><![CDATA[]]></system-err>
</testsuite>
