<?xml version="1.0" encoding="UTF-8"?>
<testsuite name="com.aor.pacxon.controller.PacmanControllerTest" tests="1" skipped="0" failures="0" errors="0" timestamp="2023-12-04T16:57:30" hostname="LAPTOP-BCCILPH9" time="0.033">
  <properties/>
  <testcase name="testMovePacmanLeft_EmptyPosition()" classname="com.aor.pacxon.controller.PacmanControllerTest" time="0.033"/>
  <system-out><![CDATA[]]></system-out>
  <system-err><![CDATA[]]></system-err>
</testsuite>
