<?xml version="1.0" encoding="UTF-8"?>
<testsuite name="com.aor.pacxon.viewertest.MenuViewerTest" tests="2" skipped="0" failures="0" errors="0" timestamp="2023-11-30T17:38:51" hostname="MacBook-Air-de-Francisca-9.local" time="0.017">
  <properties/>
  <testcase name="testDrawElements_MenuEntries()" classname="com.aor.pacxon.viewertest.MenuViewerTest" time="0.013"/>
  <testcase name="testDrawElements_Title()" classname="com.aor.pacxon.viewertest.MenuViewerTest" time="0.003"/>
  <system-out><![CDATA[]]></system-out>
  <system-err><![CDATA[]]></system-err>
</testsuite>
