<?xml version="1.0" encoding="UTF-8"?>
<testsuite name="com.aor.pacxon.states.GameStateTest" tests="2" skipped="0" failures="0" errors="0" timestamp="2023-11-26T18:02:29" hostname="AirdeFrancisca9" time="0.01">
  <properties/>
  <testcase name="testGetController()" classname="com.aor.pacxon.states.GameStateTest" time="0.009"/>
  <testcase name="testGetViewer()" classname="com.aor.pacxon.states.GameStateTest" time="0.0"/>
  <system-out><![CDATA[]]></system-out>
  <system-err><![CDATA[]]></system-err>
</testsuite>
