<?xml version="1.0" encoding="UTF-8"?>
<testsuite name="com.pacxon.model.ArenaTest" tests="4" skipped="0" failures="0" errors="0" timestamp="2023-12-22T22:54:46" hostname="AirdeFrancisca9.lan" time="0.019">
  <properties/>
  <testcase name="testGettersAndSetters()" classname="com.pacxon.model.ArenaTest" time="0.002"/>
  <testcase name="testIsMonster()" classname="com.pacxon.model.ArenaTest" time="0.002"/>
  <testcase name="testGetWidthAndHeight()" classname="com.pacxon.model.ArenaTest" time="0.003"/>
  <testcase name="testIsEmpty()" classname="com.pacxon.model.ArenaTest" time="0.006"/>
  <system-out><![CDATA[]]></system-out>
  <system-err><![CDATA[]]></system-err>
</testsuite>
