<?xml version="1.0" encoding="UTF-8"?>
<testsuite name="com.aor.pacxon.model.PositionTest" tests="9" skipped="0" failures="0" errors="0" timestamp="2023-11-26T17:09:54" hostname="AirdeFrancisca9" time="0.037">
  <properties/>
  <testcase name="testGetRight()" classname="com.aor.pacxon.model.PositionTest" time="0.002"/>
  <testcase name="testGetRandomNeighbour()" classname="com.aor.pacxon.model.PositionTest" time="0.002"/>
  <testcase name="testGetUp()" classname="com.aor.pacxon.model.PositionTest" time="0.003"/>
  <testcase name="testGetX()" classname="com.aor.pacxon.model.PositionTest" time="0.003"/>
  <testcase name="testGetY()" classname="com.aor.pacxon.model.PositionTest" time="0.002"/>
  <testcase name="testGetDown()" classname="com.aor.pacxon.model.PositionTest" time="0.001"/>
  <testcase name="testGetLeft()" classname="com.aor.pacxon.model.PositionTest" time="0.002"/>
  <testcase name="testHashCode()" classname="com.aor.pacxon.model.PositionTest" time="0.008"/>
  <testcase name="testEquals()" classname="com.aor.pacxon.model.PositionTest" time="0.002"/>
  <system-out><![CDATA[]]></system-out>
  <system-err><![CDATA[]]></system-err>
</testsuite>
