<?xml version="1.0" encoding="UTF-8"?>
<testsuite name="com.aor.pacxon.model.PacmanTest" tests="4" skipped="0" failures="0" errors="0" timestamp="2023-12-11T21:12:04" hostname="AirdeFrancisca9.lan" time="0.007">
  <properties/>
  <testcase name="testLivesDoNotGoBelowZero()" classname="com.aor.pacxon.model.PacmanTest" time="0.001"/>
  <testcase name="testInitialization()" classname="com.aor.pacxon.model.PacmanTest" time="0.001"/>
  <testcase name="testPositionChange()" classname="com.aor.pacxon.model.PacmanTest" time="0.0"/>
  <testcase name="testDecreaseLives()" classname="com.aor.pacxon.model.PacmanTest" time="0.001"/>
  <system-out><![CDATA[]]></system-out>
  <system-err><![CDATA[]]></system-err>
</testsuite>
