<?xml version="1.0" encoding="UTF-8"?>
<testsuite name="com.aor.pacxon.viewer.MenuDieViewerTest" tests="2" skipped="0" failures="0" errors="0" timestamp="2023-12-06T21:14:16" hostname="LAPTOP-BCCILPH9" time="0.004">
  <properties/>
  <testcase name="testDrawElementsGameOverText()" classname="com.aor.pacxon.viewer.MenuDieViewerTest" time="0.002"/>
  <testcase name="testDrawElementsEntries()" classname="com.aor.pacxon.viewer.MenuDieViewerTest" time="0.002"/>
  <system-out><![CDATA[]]></system-out>
  <system-err><![CDATA[]]></system-err>
</testsuite>
