<?xml version="1.0" encoding="UTF-8"?>
<testsuite name="com.pacxon.viewer.MenuWinGameViewerTest" tests="2" skipped="0" failures="0" errors="0" timestamp="2023-12-22T22:54:46" hostname="AirdeFrancisca9.lan" time="0.017">
  <properties/>
  <testcase name="testDrawElements_MenuEntries()" classname="com.pacxon.viewer.MenuWinGameViewerTest" time="0.014"/>
  <testcase name="testDrawElements_Title()" classname="com.pacxon.viewer.MenuWinGameViewerTest" time="0.003"/>
  <system-out><![CDATA[]]></system-out>
  <system-err><![CDATA[]]></system-err>
</testsuite>
