<?xml version="1.0" encoding="UTF-8"?>
<testsuite name="com.pacxon.controller.MenuControllerTest" tests="5" skipped="0" failures="0" errors="0" timestamp="2023-12-23T12:49:11" hostname="LAPTOP-BCCILPH9" time="0.071">
  <properties/>
  <testcase name="testStep_SelectExitAction()" classname="com.pacxon.controller.MenuControllerTest" time="0.035"/>
  <testcase name="testStep_SelectControlsAction()" classname="com.pacxon.controller.MenuControllerTest" time="0.004"/>
  <testcase name="testStep_UnrecognizedAction()" classname="com.pacxon.controller.MenuControllerTest" time="0.0"/>
  <testcase name="testStep_SelectStartAction()" classname="com.pacxon.controller.MenuControllerTest" time="0.027"/>
  <testcase name="testStep_SelectHTPAction()" classname="com.pacxon.controller.MenuControllerTest" time="0.003"/>
  <system-out><![CDATA[]]></system-out>
  <system-err><![CDATA[]]></system-err>
</testsuite>
