<?xml version="1.0" encoding="UTF-8"?>
<testsuite name="com.pacxon.viewer.MenuViewerTest" tests="1" skipped="0" failures="0" errors="0" timestamp="2023-12-22T22:54:46" hostname="AirdeFrancisca9.lan" time="0.017">
  <properties/>
  <testcase name="testDrawElements_MenuEntries()" classname="com.pacxon.viewer.MenuViewerTest" time="0.017"/>
  <system-out><![CDATA[]]></system-out>
  <system-err><![CDATA[]]></system-err>
</testsuite>
