<?xml version="1.0" encoding="UTF-8"?>
<testsuite name="com.aor.pacxon.controllertest.MenuDieControllerTest" tests="4" skipped="0" failures="0" errors="0" timestamp="2023-11-30T17:38:45" hostname="MacBook-Air-de-Francisca-9.local" time="0.072">
  <properties/>
  <testcase name="testStep_SelectExitAction()" classname="com.aor.pacxon.controllertest.MenuDieControllerTest" time="0.055"/>
  <testcase name="testStep_MoveUpAction()" classname="com.aor.pacxon.controllertest.MenuDieControllerTest" time="0.004"/>
  <testcase name="testStep_MoveDownAction()" classname="com.aor.pacxon.controllertest.MenuDieControllerTest" time="0.003"/>
  <testcase name="testStep_SelectBackToMenuAction()" classname="com.aor.pacxon.controllertest.MenuDieControllerTest" time="0.004"/>
  <system-out><![CDATA[]]></system-out>
  <system-err><![CDATA[]]></system-err>
</testsuite>
