<?xml version="1.0" encoding="UTF-8"?>
<testsuite name="com.aor.pacxon.controllertest.MenuControlsControllerTest" tests="2" skipped="0" failures="0" errors="0" timestamp="2023-11-26T18:31:55" hostname="MBPdeBeatriz5.Home" time="0.017">
  <properties/>
  <testcase name="testStep_QuitBackToMenuAction()" classname="com.aor.pacxon.controllertest.MenuControlsControllerTest" time="0.013"/>
  <testcase name="testStep_SelectBackToMenuAction()" classname="com.aor.pacxon.controllertest.MenuControlsControllerTest" time="0.003"/>
  <system-out><![CDATA[]]></system-out>
  <system-err><![CDATA[]]></system-err>
</testsuite>
