<?xml version="1.0" encoding="UTF-8"?>
<testsuite name="com.aor.pacxon.model.PositionTest" tests="9" skipped="0" failures="0" errors="0" timestamp="2023-12-10T13:53:07" hostname="LAPTOP-BCCILPH9" time="0.004">
  <properties/>
  <testcase name="testGetRight()" classname="com.aor.pacxon.model.PositionTest" time="0.0"/>
  <testcase name="testGetRandomNeighbour()" classname="com.aor.pacxon.model.PositionTest" time="0.001"/>
  <testcase name="testGetUp()" classname="com.aor.pacxon.model.PositionTest" time="0.0"/>
  <testcase name="testGetX()" classname="com.aor.pacxon.model.PositionTest" time="0.001"/>
  <testcase name="testGetY()" classname="com.aor.pacxon.model.PositionTest" time="0.0"/>
  <testcase name="testGetDown()" classname="com.aor.pacxon.model.PositionTest" time="0.0"/>
  <testcase name="testGetLeft()" classname="com.aor.pacxon.model.PositionTest" time="0.0"/>
  <testcase name="testHashCode()" classname="com.aor.pacxon.model.PositionTest" time="0.001"/>
  <testcase name="testEquals()" classname="com.aor.pacxon.model.PositionTest" time="0.0"/>
  <system-out><![CDATA[]]></system-out>
  <system-err><![CDATA[]]></system-err>
</testsuite>
