<?xml version="1.0" encoding="UTF-8"?>
<testsuite name="com.aor.pacxon.model.MenuHTPTest" tests="4" skipped="0" failures="0" errors="0" timestamp="2023-12-22T19:20:57" hostname="AirdeFrancisca9.lan" time="0.022">
  <properties/>
  <testcase name="testGetEntry()" classname="com.aor.pacxon.model.MenuHTPTest" time="0.002"/>
  <testcase name="testGetCurrentEntry()" classname="com.aor.pacxon.model.MenuHTPTest" time="0.01"/>
  <testcase name="testIsSelected()" classname="com.aor.pacxon.model.MenuHTPTest" time="0.002"/>
  <testcase name="testInitialization()" classname="com.aor.pacxon.model.MenuHTPTest" time="0.001"/>
  <system-out><![CDATA[]]></system-out>
  <system-err><![CDATA[]]></system-err>
</testsuite>
