<?xml version="1.0" encoding="UTF-8"?>
<testsuite name="com.aor.pacxon.viewertest.WallViewerTest" tests="1" skipped="0" failures="0" errors="0" timestamp="2023-11-26T18:31:55" hostname="MBPdeBeatriz5.Home" time="0.001">
  <properties/>
  <testcase name="testDraw()" classname="com.aor.pacxon.viewertest.WallViewerTest" time="0.001"/>
  <system-out><![CDATA[]]></system-out>
  <system-err><![CDATA[]]></system-err>
</testsuite>
