<?xml version="1.0" encoding="UTF-8"?>
<testsuite name="com.aor.pacxon.states.WinGameStateTest" tests="2" skipped="0" failures="0" errors="0" timestamp="2023-12-11T21:12:04" hostname="AirdeFrancisca9.lan" time="0.008">
  <properties/>
  <testcase name="testGetController()" classname="com.aor.pacxon.states.WinGameStateTest" time="0.004"/>
  <testcase name="testGetViewer()" classname="com.aor.pacxon.states.WinGameStateTest" time="0.003"/>
  <system-out><![CDATA[]]></system-out>
  <system-err><![CDATA[]]></system-err>
</testsuite>
