<?xml version="1.0" encoding="UTF-8"?>
<testsuite name="com.aor.pacxon.model.ArenaTest" tests="4" skipped="0" failures="0" errors="0" timestamp="2023-11-26T17:09:54" hostname="AirdeFrancisca9" time="0.025">
  <properties/>
  <testcase name="testGettersAndSetters()" classname="com.aor.pacxon.model.ArenaTest" time="0.01"/>
  <testcase name="testIsMonster()" classname="com.aor.pacxon.model.ArenaTest" time="0.002"/>
  <testcase name="testGetWidthAndHeight()" classname="com.aor.pacxon.model.ArenaTest" time="0.002"/>
  <testcase name="testIsEmpty()" classname="com.aor.pacxon.model.ArenaTest" time="0.002"/>
  <system-out><![CDATA[]]></system-out>
  <system-err><![CDATA[]]></system-err>
</testsuite>
