<?xml version="1.0" encoding="UTF-8"?>
<testsuite name="com.aor.pacxon.controllertest.MenuWinGameControllerTest" tests="4" skipped="0" failures="0" errors="0" timestamp="2023-11-30T17:38:46" hostname="MacBook-Air-de-Francisca-9.local" time="0.066">
  <properties/>
  <testcase name="testStep_SelectNextLevelAction()" classname="com.aor.pacxon.controllertest.MenuWinGameControllerTest" time="0.049"/>
  <testcase name="testStep_MoveUpAction()" classname="com.aor.pacxon.controllertest.MenuWinGameControllerTest" time="0.004"/>
  <testcase name="testStep_MoveDownAction()" classname="com.aor.pacxon.controllertest.MenuWinGameControllerTest" time="0.003"/>
  <testcase name="testStep_SelectBackToMenuAction()" classname="com.aor.pacxon.controllertest.MenuWinGameControllerTest" time="0.004"/>
  <system-out><![CDATA[]]></system-out>
  <system-err><![CDATA[]]></system-err>
</testsuite>
