<?xml version="1.0" encoding="UTF-8"?>
<testsuite name="com.aor.pacxon.controllertest.MenuControlsControllerTest" tests="2" skipped="0" failures="0" errors="0" timestamp="2023-11-30T17:38:45" hostname="MacBook-Air-de-Francisca-9.local" time="0.056">
  <properties/>
  <testcase name="testStep_QuitBackToMenuAction()" classname="com.aor.pacxon.controllertest.MenuControlsControllerTest" time="0.05"/>
  <testcase name="testStep_SelectBackToMenuAction()" classname="com.aor.pacxon.controllertest.MenuControlsControllerTest" time="0.005"/>
  <system-out><![CDATA[]]></system-out>
  <system-err><![CDATA[]]></system-err>
</testsuite>
