<?xml version="1.0" encoding="UTF-8"?>
<testsuite name="com.aor.pacxon.controllertest.MenuDieControllerTest" tests="4" skipped="0" failures="0" errors="0" timestamp="2023-11-26T18:31:55" hostname="MBPdeBeatriz5.Home" time="0.019">
  <properties/>
  <testcase name="testStep_SelectExitAction()" classname="com.aor.pacxon.controllertest.MenuDieControllerTest" time="0.015"/>
  <testcase name="testStep_MoveUpAction()" classname="com.aor.pacxon.controllertest.MenuDieControllerTest" time="0.0"/>
  <testcase name="testStep_MoveDownAction()" classname="com.aor.pacxon.controllertest.MenuDieControllerTest" time="0.0"/>
  <testcase name="testStep_SelectBackToMenuAction()" classname="com.aor.pacxon.controllertest.MenuDieControllerTest" time="0.001"/>
  <system-out><![CDATA[]]></system-out>
  <system-err><![CDATA[]]></system-err>
</testsuite>
