<?xml version="1.0" encoding="UTF-8"?>
<testsuite name="com.aor.pacxon.controller.MenuControllerTest" tests="5" skipped="0" failures="0" errors="0" timestamp="2023-12-13T12:03:18" hostname="MacBook-Pro-de-Beatriz-5.local" time="0.305">
  <properties/>
  <testcase name="testStep_SelectExitAction()" classname="com.aor.pacxon.controller.MenuControllerTest" time="0.265"/>
  <testcase name="testStep_SelectControlsAction()" classname="com.aor.pacxon.controller.MenuControllerTest" time="0.003"/>
  <testcase name="testStep_UnrecognizedAction()" classname="com.aor.pacxon.controller.MenuControllerTest" time="0.001"/>
  <testcase name="testStep_SelectStartAction()" classname="com.aor.pacxon.controller.MenuControllerTest" time="0.03"/>
  <testcase name="testStep_SelectHTPAction()" classname="com.aor.pacxon.controller.MenuControllerTest" time="0.001"/>
  <system-out><![CDATA[]]></system-out>
  <system-err><![CDATA[]]></system-err>
</testsuite>
