<?xml version="1.0" encoding="UTF-8"?>
<testsuite name="com.aor.pacxon.viewertest.WallViewerTest" tests="1" skipped="0" failures="0" errors="0" timestamp="2023-11-30T17:38:51" hostname="MacBook-Air-de-Francisca-9.local" time="0.004">
  <properties/>
  <testcase name="testDraw()" classname="com.aor.pacxon.viewertest.WallViewerTest" time="0.004"/>
  <system-out><![CDATA[]]></system-out>
  <system-err><![CDATA[]]></system-err>
</testsuite>
