<?xml version="1.0" encoding="UTF-8"?>
<testsuite name="com.pacxon.model.ObjectTypeTest" tests="2" skipped="0" failures="0" errors="0" timestamp="2023-12-22T22:54:46" hostname="AirdeFrancisca9.lan" time="0.008">
  <properties/>
  <testcase name="testInitialization()" classname="com.pacxon.model.ObjectTypeTest" time="0.006"/>
  <testcase name="testPositionChange()" classname="com.pacxon.model.ObjectTypeTest" time="0.001"/>
  <system-out><![CDATA[]]></system-out>
  <system-err><![CDATA[]]></system-err>
</testsuite>
