<?xml version="1.0" encoding="UTF-8"?>
<testsuite name="com.aor.pacxon.states.StateTest" tests="1" skipped="0" failures="0" errors="0" timestamp="2023-12-13T12:03:19" hostname="MacBook-Pro-de-Beatriz-5.local" time="0.018">
  <properties/>
  <testcase name="testConstructor()" classname="com.aor.pacxon.states.StateTest" time="0.018"/>
  <system-out><![CDATA[]]></system-out>
  <system-err><![CDATA[]]></system-err>
</testsuite>
