<?xml version="1.0" encoding="UTF-8"?>
<testsuite name="com.aor.pacxon.viewer.MenuHTPViewerTest" tests="3" skipped="0" failures="0" errors="0" timestamp="2023-12-11T21:12:04" hostname="AirdeFrancisca9.lan" time="0.017">
  <properties/>
  <testcase name="testDrawElements_GoodLuckMessage()" classname="com.aor.pacxon.viewer.MenuHTPViewerTest" time="0.004"/>
  <testcase name="testDrawElements_ReturnToMainMenu()" classname="com.aor.pacxon.viewer.MenuHTPViewerTest" time="0.005"/>
  <testcase name="testDrawElements_IntroductionText()" classname="com.aor.pacxon.viewer.MenuHTPViewerTest" time="0.006"/>
  <system-out><![CDATA[]]></system-out>
  <system-err><![CDATA[]]></system-err>
</testsuite>
