<?xml version="1.0" encoding="UTF-8"?>
<testsuite name="com.aor.pacxon.states.WinLevelStateTest" tests="2" skipped="0" failures="0" errors="0" timestamp="2023-12-06T20:52:17" hostname="LAPTOP-BCCILPH9" time="0.003">
  <properties/>
  <testcase name="testGetController()" classname="com.aor.pacxon.states.WinLevelStateTest" time="0.002"/>
  <testcase name="testGetViewer()" classname="com.aor.pacxon.states.WinLevelStateTest" time="0.001"/>
  <system-out><![CDATA[]]></system-out>
  <system-err><![CDATA[]]></system-err>
</testsuite>
