<?xml version="1.0" encoding="UTF-8"?>
<testsuite name="com.aor.pacxon.viewertest.MenuViewerTest" tests="2" skipped="0" failures="0" errors="0" timestamp="2023-11-26T18:31:55" hostname="MBPdeBeatriz5.Home" time="0.004">
  <properties/>
  <testcase name="testDrawElements_MenuEntries()" classname="com.aor.pacxon.viewertest.MenuViewerTest" time="0.003"/>
  <testcase name="testDrawElements_Title()" classname="com.aor.pacxon.viewertest.MenuViewerTest" time="0.001"/>
  <system-out><![CDATA[]]></system-out>
  <system-err><![CDATA[]]></system-err>
</testsuite>
