<?xml version="1.0" encoding="UTF-8"?>
<testsuite name="com.aor.pacxon.gui.LanternaGUITest" tests="4" skipped="0" failures="0" errors="0" timestamp="2023-12-14T17:04:17" hostname="LAPTOP-BCCILPH9" time="0.69">
  <properties/>
  <testcase name="testClear()" classname="com.aor.pacxon.gui.LanternaGUITest" time="0.529"/>
  <testcase name="testClose()" classname="com.aor.pacxon.gui.LanternaGUITest" time="0.05"/>
  <testcase name="testRefresh()" classname="com.aor.pacxon.gui.LanternaGUITest" time="0.055"/>
  <testcase name="testInitialization()" classname="com.aor.pacxon.gui.LanternaGUITest" time="0.053"/>
  <system-out><![CDATA[]]></system-out>
  <system-err><![CDATA[]]></system-err>
</testsuite>
