<?xml version="1.0" encoding="UTF-8"?>
<testsuite name="com.aor.pacxon.model.MenuTest" tests="5" skipped="0" failures="0" errors="0" timestamp="2023-11-26T17:09:54" hostname="AirdeFrancisca9" time="0.039">
  <properties/>
  <testcase name="testGetEntry()" classname="com.aor.pacxon.model.MenuTest" time="0.003"/>
  <testcase name="testIsSelected()" classname="com.aor.pacxon.model.MenuTest" time="0.01"/>
  <testcase name="testInitialization()" classname="com.aor.pacxon.model.MenuTest" time="0.003"/>
  <testcase name="testPreviousEntry()" classname="com.aor.pacxon.model.MenuTest" time="0.005"/>
  <testcase name="testNextEntry()" classname="com.aor.pacxon.model.MenuTest" time="0.001"/>
  <system-out><![CDATA[]]></system-out>
  <system-err><![CDATA[]]></system-err>
</testsuite>
