<?xml version="1.0" encoding="UTF-8"?>
<testsuite name="com.aor.pacxon.model.MonsterTest" tests="3" skipped="0" failures="0" errors="0" timestamp="2023-12-06T20:52:17" hostname="LAPTOP-BCCILPH9" time="0.001">
  <properties/>
  <testcase name="testMonsterInteractions()" classname="com.aor.pacxon.model.MonsterTest" time="0.0"/>
  <testcase name="testInitialization()" classname="com.aor.pacxon.model.MonsterTest" time="0.0"/>
  <testcase name="testPositionChange()" classname="com.aor.pacxon.model.MonsterTest" time="0.0"/>
  <system-out><![CDATA[]]></system-out>
  <system-err><![CDATA[]]></system-err>
</testsuite>
