<?xml version="1.0" encoding="UTF-8"?>
<testsuite name="com.pacxon.model.PacmanTest" tests="4" skipped="0" failures="0" errors="0" timestamp="2023-12-22T22:54:46" hostname="AirdeFrancisca9.lan" time="0.015">
  <properties/>
  <testcase name="testLivesDoNotGoBelowZero()" classname="com.pacxon.model.PacmanTest" time="0.006"/>
  <testcase name="testInitialization()" classname="com.pacxon.model.PacmanTest" time="0.001"/>
  <testcase name="testPositionChange()" classname="com.pacxon.model.PacmanTest" time="0.001"/>
  <testcase name="testDecreaseLives()" classname="com.pacxon.model.PacmanTest" time="0.001"/>
  <system-out><![CDATA[]]></system-out>
  <system-err><![CDATA[]]></system-err>
</testsuite>
