<?xml version="1.0" encoding="UTF-8"?>
<testsuite name="com.aor.pacxon.model.ArenaTest" tests="4" skipped="0" failures="0" errors="0" timestamp="2023-12-22T19:20:57" hostname="AirdeFrancisca9.lan" time="0.047">
  <properties/>
  <testcase name="testGettersAndSetters()" classname="com.aor.pacxon.model.ArenaTest" time="0.02"/>
  <testcase name="testIsMonster()" classname="com.aor.pacxon.model.ArenaTest" time="0.003"/>
  <testcase name="testGetWidthAndHeight()" classname="com.aor.pacxon.model.ArenaTest" time="0.011"/>
  <testcase name="testIsEmpty()" classname="com.aor.pacxon.model.ArenaTest" time="0.007"/>
  <system-out><![CDATA[]]></system-out>
  <system-err><![CDATA[]]></system-err>
</testsuite>
