<?xml version="1.0" encoding="UTF-8"?>
<testsuite name="com.aor.pacxon.model.PacmanTest" tests="4" skipped="0" failures="0" errors="0" timestamp="2023-11-30T17:38:51" hostname="MacBook-Air-de-Francisca-9.local" time="0.017">
  <properties/>
  <testcase name="testLivesDoNotGoBelowZero()" classname="com.aor.pacxon.model.PacmanTest" time="0.004"/>
  <testcase name="testInitialization()" classname="com.aor.pacxon.model.PacmanTest" time="0.002"/>
  <testcase name="testPositionChange()" classname="com.aor.pacxon.model.PacmanTest" time="0.001"/>
  <testcase name="testDecreaseLives()" classname="com.aor.pacxon.model.PacmanTest" time="0.002"/>
  <system-out><![CDATA[]]></system-out>
  <system-err><![CDATA[]]></system-err>
</testsuite>
