<?xml version="1.0" encoding="UTF-8"?>
<testsuite name="com.aor.pacxon.controllertest.MenuControllerTest" tests="5" skipped="0" failures="0" errors="0" timestamp="2023-11-26T18:31:54" hostname="MBPdeBeatriz5.Home" time="0.293">
  <properties/>
  <testcase name="testStep_SelectExitAction()" classname="com.aor.pacxon.controllertest.MenuControllerTest" time="0.255"/>
  <testcase name="testStep_SelectControlsAction()" classname="com.aor.pacxon.controllertest.MenuControllerTest" time="0.003"/>
  <testcase name="testStep_UnrecognizedAction()" classname="com.aor.pacxon.controllertest.MenuControllerTest" time="0.001"/>
  <testcase name="testStep_SelectStartAction()" classname="com.aor.pacxon.controllertest.MenuControllerTest" time="0.027"/>
  <testcase name="testStep_SelectHTPAction()" classname="com.aor.pacxon.controllertest.MenuControllerTest" time="0.002"/>
  <system-out><![CDATA[]]></system-out>
  <system-err><![CDATA[]]></system-err>
</testsuite>
