<?xml version="1.0" encoding="UTF-8"?>
<testsuite name="com.pacxon.viewer.MenuHTPViewerTest" tests="3" skipped="0" failures="0" errors="0" timestamp="2023-12-22T22:54:46" hostname="AirdeFrancisca9.lan" time="0.026">
  <properties/>
  <testcase name="testDrawElements_GoodLuckMessage()" classname="com.pacxon.viewer.MenuHTPViewerTest" time="0.01"/>
  <testcase name="testDrawElements_ReturnToMainMenu()" classname="com.pacxon.viewer.MenuHTPViewerTest" time="0.005"/>
  <testcase name="testDrawElements_IntroductionText()" classname="com.pacxon.viewer.MenuHTPViewerTest" time="0.008"/>
  <system-out><![CDATA[]]></system-out>
  <system-err><![CDATA[]]></system-err>
</testsuite>
